<?xml version="1.0" encoding="UTF-8"?>
<!-- Generated by org.testng.reporters.JUnitReportReporter -->
<testsuite hostname="Prasanth" failures="0" tests="1" name="loginPageTests.Test01" time="12.438" errors="0" timestamp="2024-03-26T14:49:20 IST" skipped="0">
  <testcase classname="loginPageTests.Test01" name="TestLogin" time="12.438"/>
  <system-out/>
</testsuite> <!-- loginPageTests.Test01 -->
