<?xml version="1.0" encoding="UTF-8"?>
<!-- Generated by org.testng.reporters.JUnitReportReporter -->
<testsuite hostname="Prasanth" failures="0" tests="1" name="loginPageTests.Test002" time="7.552" errors="0" timestamp="2024-04-06T17:22:20 IST" skipped="0">
  <testcase classname="loginPageTests.Test002" name="Test02" time="7.552"/>
  <system-out/>
</testsuite> <!-- loginPageTests.Test002 -->
