<?xml version="1.0" encoding="UTF-8"?>
<!-- Generated by org.testng.reporters.JUnitReportReporter -->
<testsuite hostname="Prasanth" failures="0" tests="3" name="loginPageTests.Test01" time="31.849" errors="0" timestamp="2024-03-26T16:20:14 IST" skipped="0">
  <testcase classname="loginPageTests.Test01" name="LoginTest" time="9.191"/>
  <system-out/>
  <testcase classname="loginPageTests.Test01" name="TestLogin" time="11.111"/>
  <system-out/>
  <testcase classname="loginPageTests.Test01" name="LoginTest" time="11.547"/>
  <system-out/>
</testsuite> <!-- loginPageTests.Test01 -->
