<?xml version="1.0" encoding="UTF-8"?>
<!-- Generated by org.testng.reporters.JUnitReportReporter -->
<testsuite hostname="Prasanth" failures="0" tests="1" name="baseTest.BaseTest" time="59.454" errors="1" timestamp="2024-03-23T21:08:06 IST" skipped="0">
  <testcase classname="baseTest.BaseTest" name="setup" time="59.454">
    <error message="com.google.gson.JsonSyntaxException: org.apache.hc.core5.http.ConnectionClosedException: Premature end of chunk coded message body: closing chunk expected" type="io.github.bonigarcia.wdm.config.WebDriverManagerException">
      <![CDATA[io.github.bonigarcia.wdm.config.WebDriverManagerException: com.google.gson.JsonSyntaxException: org.apache.hc.core5.http.ConnectionClosedException: Premature end of chunk coded message body: closing chunk expected
at io.github.bonigarcia.wdm.WebDriverManager.handleException(WebDriverManager.java:1306)
at io.github.bonigarcia.wdm.WebDriverManager.manage(WebDriverManager.java:1089)
at io.github.bonigarcia.wdm.WebDriverManager.fallback(WebDriverManager.java:1322)
at io.github.bonigarcia.wdm.WebDriverManager.handleException(WebDriverManager.java:1299)
at io.github.bonigarcia.wdm.WebDriverManager.manage(WebDriverManager.java:1089)
at io.github.bonigarcia.wdm.WebDriverManager.setup(WebDriverManager.java:396)
at com.project.driver.BrowserFactory.createDriver(BrowserFactory.java:34)
at baseTest.BaseTest.setup(BaseTest.java:17)
at java.base/jdk.internal.reflect.NativeMethodAccessorImpl.invoke0(Native Method)
at java.base/jdk.internal.reflect.NativeMethodAccessorImpl.invoke(NativeMethodAccessorImpl.java:77)
at java.base/jdk.internal.reflect.DelegatingMethodAccessorImpl.invoke(DelegatingMethodAccessorImpl.java:43)
at java.base/java.lang.reflect.Method.invoke(Method.java:568)
at org.testng.internal.MethodInvocationHelper.invokeMethod(MethodInvocationHelper.java:133)
at org.testng.internal.MethodInvocationHelper.invokeMethodConsideringTimeout(MethodInvocationHelper.java:62)
at org.testng.internal.ConfigInvoker.invokeConfigurationMethod(ConfigInvoker.java:385)
at org.testng.internal.ConfigInvoker.invokeConfigurations(ConfigInvoker.java:321)
at org.testng.TestRunner.invokeTestConfigurations(TestRunner.java:637)
at org.testng.TestRunner.beforeRun(TestRunner.java:627)
at org.testng.TestRunner.run(TestRunner.java:589)
at org.testng.SuiteRunner.runTest(SuiteRunner.java:377)
at org.testng.SuiteRunner.runSequentially(SuiteRunner.java:371)
at org.testng.SuiteRunner.privateRun(SuiteRunner.java:332)
at org.testng.SuiteRunner.run(SuiteRunner.java:276)
at org.testng.SuiteRunnerWorker.runSuite(SuiteRunnerWorker.java:53)
at org.testng.SuiteRunnerWorker.run(SuiteRunnerWorker.java:96)
at org.testng.TestNG.runSuitesSequentially(TestNG.java:1212)
at org.testng.TestNG.runSuitesLocally(TestNG.java:1134)
at org.testng.TestNG.runSuites(TestNG.java:1063)
at org.testng.TestNG.run(TestNG.java:1031)
at org.testng.remote.AbstractRemoteTestNG.run(AbstractRemoteTestNG.java:115)
at org.testng.remote.RemoteTestNG.initAndRun(RemoteTestNG.java:251)
at org.testng.remote.RemoteTestNG.main(RemoteTestNG.java:77)
Caused by: com.google.gson.JsonSyntaxException: org.apache.hc.core5.http.ConnectionClosedException: Premature end of chunk coded message body: closing chunk expected
at com.google.gson.Gson.fromJson(Gson.java:1006)
at com.google.gson.Gson.fromJson(Gson.java:929)
at io.github.bonigarcia.wdm.WebDriverManager.getDriversFromGitHub(WebDriverManager.java:1501)
at io.github.bonigarcia.wdm.managers.InternetExplorerDriverManager.getDriverUrls(InternetExplorerDriverManager.java:98)
at io.github.bonigarcia.wdm.WebDriverManager.createUrlHandler(WebDriverManager.java:1327)
at io.github.bonigarcia.wdm.WebDriverManager.download(WebDriverManager.java:1165)
at io.github.bonigarcia.wdm.WebDriverManager.manage(WebDriverManager.java:1083)
... 30 more
Caused by: org.apache.hc.core5.http.ConnectionClosedException: Premature end of chunk coded message body: closing chunk expected
at org.apache.hc.core5.http.impl.io.ChunkedInputStream.getChunkSize(ChunkedInputStream.java:263)
at org.apache.hc.core5.http.impl.io.ChunkedInputStream.nextChunk(ChunkedInputStream.java:222)
at org.apache.hc.core5.http.impl.io.ChunkedInputStream.read(ChunkedInputStream.java:183)
at org.apache.hc.core5.http.io.EofSensorInputStream.read(EofSensorInputStream.java:135)
at java.base/java.util.zip.InflaterInputStream.fill(InflaterInputStream.java:242)
at java.base/java.util.zip.InflaterInputStream.read(InflaterInputStream.java:158)
at java.base/java.util.zip.GZIPInputStream.read(GZIPInputStream.java:117)
at org.apache.hc.client5.http.entity.LazyDecompressingInputStream.read(LazyDecompressingInputStream.java:70)
at java.base/sun.nio.cs.StreamDecoder.readBytes(StreamDecoder.java:270)
at java.base/sun.nio.cs.StreamDecoder.implRead(StreamDecoder.java:313)
at java.base/sun.nio.cs.StreamDecoder.read(StreamDecoder.java:188)
at java.base/java.io.InputStreamReader.read(InputStreamReader.java:177)
at java.base/java.io.BufferedReader.fill(BufferedReader.java:162)
at java.base/java.io.BufferedReader.read1(BufferedReader.java:213)
at java.base/java.io.BufferedReader.read(BufferedReader.java:290)
at com.google.gson.stream.JsonReader.fillBuffer(JsonReader.java:1290)
at com.google.gson.stream.JsonReader.skipQuotedValue(JsonReader.java:1118)
at com.google.gson.stream.JsonReader.skipValue(JsonReader.java:1252)
at com.google.gson.internal.bind.ReflectiveTypeAdapterFactory$Adapter.read(ReflectiveTypeAdapterFactory.java:219)
at com.google.gson.internal.bind.TypeAdapterRuntimeTypeWrapper.read(TypeAdapterRuntimeTypeWrapper.java:41)
at com.google.gson.internal.bind.ArrayTypeAdapter.read(ArrayTypeAdapter.java:72)
at com.google.gson.Gson.fromJson(Gson.java:991)
... 36 more
]]>
    </error>
  </testcase> <!-- setup -->
  <system-out/>
</testsuite> <!-- baseTest.BaseTest -->
