<?xml version="1.0" encoding="UTF-8"?>
<!-- Generated by org.testng.reporters.JUnitReportReporter -->
<testsuite hostname="Prasanth" failures="0" tests="1" name="loginPageTests.Test01" time="6.784" errors="0" timestamp="2024-03-25T21:59:08 IST" skipped="0">
  <testcase classname="loginPageTests.Test01" name="TestLogin" time="6.784"/>
  <system-out/>
</testsuite> <!-- loginPageTests.Test01 -->
