<?xml version="1.0" encoding="UTF-8"?>
<!-- Generated by org.testng.reporters.JUnitReportReporter -->
<testsuite hostname="Prasanth" failures="0" tests="1" name="loginPageTests.Test01" time="2.756" errors="0" timestamp="2024-03-24T05:51:03 IST" skipped="0">
  <testcase classname="loginPageTests.Test01" name="LoginTest" time="2.756"/>
  <system-out/>
</testsuite> <!-- loginPageTests.Test01 -->
