<?xml version="1.0" encoding="UTF-8"?>
<!-- Generated by org.testng.reporters.JUnitReportReporter -->
<testsuite hostname="Prasanth" failures="0" tests="1" name="loginPageTests.EmployeeSearchTest" time="19.363" errors="0" timestamp="2024-03-28T03:43:02 IST" skipped="0">
  <testcase classname="loginPageTests.EmployeeSearchTest" name="employeeSeachTest" time="19.363"/>
  <system-out/>
</testsuite> <!-- loginPageTests.EmployeeSearchTest -->
