<?xml version="1.0" encoding="UTF-8"?>
<!-- Generated by org.testng.reporters.JUnitReportReporter -->
<testsuite hostname="Prasanth" failures="0" tests="2" name="loginPageTests.Test002" time="16.548" errors="0" timestamp="2024-04-06T17:50:13 IST" skipped="0">
  <testcase classname="loginPageTests.Test002" name="Test02" time="4.763"/>
  <system-out/>
  <testcase classname="loginPageTests.Test002" name="Test2" time="11.785"/>
  <system-out/>
</testsuite> <!-- loginPageTests.Test002 -->
